gyp info it worked if it ends with ok
gyp info using node-gyp@9.1.0
gyp info using node@18.12.1 | darwin | x64
gyp info find Python using Python version 3.7.4 found at "/usr/local/bin/python3"
gyp info spawn /usr/local/bin/python3
gyp info spawn args [
gyp info spawn args   '/usr/local/lib/node_modules/npm/node_modules/node-gyp/gyp/gyp_main.py',
gyp info spawn args   'binding.gyp',
gyp info spawn args   '-f',
gyp info spawn args   'make',
gyp info spawn args   '-I',
gyp info spawn args   '/Users/mac/Desktop/JNFT/node_modules/ursa-optional/build/config.gypi',
gyp info spawn args   '-I',
gyp info spawn args   '/usr/local/lib/node_modules/npm/node_modules/node-gyp/addon.gypi',
gyp info spawn args   '-I',
gyp info spawn args   '/Users/mac/Library/Caches/node-gyp/18.12.1/include/node/common.gypi',
gyp info spawn args   '-Dlibrary=shared_library',
gyp info spawn args   '-Dvisibility=default',
gyp info spawn args   '-Dnode_root_dir=/Users/mac/Library/Caches/node-gyp/18.12.1',
gyp info spawn args   '-Dnode_gyp_dir=/usr/local/lib/node_modules/npm/node_modules/node-gyp',
gyp info spawn args   '-Dnode_lib_file=/Users/mac/Library/Caches/node-gyp/18.12.1/<(target_arch)/node.lib',
gyp info spawn args   '-Dmodule_root_dir=/Users/mac/Desktop/JNFT/node_modules/ursa-optional',
gyp info spawn args   '-Dnode_engine=v8',
gyp info spawn args   '--depth=.',
gyp info spawn args   '--no-parallel',
gyp info spawn args   '--generator-output',
gyp info spawn args   'build',
gyp info spawn args   '-Goutput_dir=.'
gyp info spawn args ]
gyp info spawn make
gyp info spawn args [ 'BUILDTYPE=Release', '-C', 'build' ]
../src/ursaNative.cc:543:32: error: too few arguments to function call, single argument 'isolate' was not specified
  int length = str->Utf8Length();
               ~~~~~~~~~~~~~~~ ^
/Users/mac/Library/Caches/node-gyp/18.12.1/include/node/v8-primitive.h:142:7: note: 'Utf8Length' declared here
  int Utf8Length(Isolate* isolate) const;
      ^
../src/ursaNative.cc:553:18: error: cannot initialize a parameter of type 'v8::Isolate *' with an lvalue of type 'char *'
  str->WriteUtf8(result, length + 1);
                 ^~~~~~
/Users/mac/Library/Caches/node-gyp/18.12.1/include/node/v8-primitive.h:202:26: note: passing argument to parameter 'isolate' here
  int WriteUtf8(Isolate* isolate, char* buffer, int length = -1,
                         ^
../src/ursaNative.cc:588:17: warning: 'RSA_new' is deprecated [-Wdeprecated-declarations]
  RSA *result = RSA_new();
                ^
/Users/mac/Library/Caches/node-gyp/18.12.1/include/node/openssl/rsa.h:201:1: note: 'RSA_new' has been explicitly marked deprecated here
OSSL_DEPRECATEDIN_3_0 RSA *RSA_new(void);
^
/Users/mac/Library/Caches/node-gyp/18.12.1/include/node/openssl/macros.h:182:49: note: expanded from macro 'OSSL_DEPRECATEDIN_3_0'
#   define OSSL_DEPRECATEDIN_3_0                OSSL_DEPRECATED(3.0)
                                                ^
/Users/mac/Library/Caches/node-gyp/18.12.1/include/node/openssl/macros.h:62:52: note: expanded from macro 'OSSL_DEPRECATED'
#     define OSSL_DEPRECATED(since) __attribute__((deprecated))
                                                   ^
../src/ursaNative.cc:596:7: warning: 'RSA_generate_key_ex' is deprecated [-Wdeprecated-declarations]
  if (RSA_generate_key_ex(result, num, eBig, NULL) < 0)
      ^
/Users/mac/Library/Caches/node-gyp/18.12.1/include/node/openssl/rsa.h:260:1: note: 'RSA_generate_key_ex' has been explicitly marked deprecated here
OSSL_DEPRECATEDIN_3_0 int RSA_generate_key_ex(RSA *rsa, int bits, BIGNUM *e,
^
/Users/mac/Library/Caches/node-gyp/18.12.1/include/node/openssl/macros.h:182:49: note: expanded from macro 'OSSL_DEPRECATEDIN_3_0'
#   define OSSL_DEPRECATEDIN_3_0                OSSL_DEPRECATED(3.0)
                                                ^
/Users/mac/Library/Caches/node-gyp/18.12.1/include/node/openssl/macros.h:62:52: note: expanded from macro 'OSSL_DEPRECATED'
#     define OSSL_DEPRECATED(since) __attribute__((deprecated))
                                                   ^
../src/ursaNative.cc:598:5: warning: 'RSA_free' is deprecated [-Wdeprecated-declarations]
    RSA_free(result);
    ^
/Users/mac/Library/Caches/node-gyp/18.12.1/include/node/openssl/rsa.h:293:1: note: 'RSA_free' has been explicitly marked deprecated here
OSSL_DEPRECATEDIN_3_0 void RSA_free(RSA *r);
^
/Users/mac/Library/Caches/node-gyp/18.12.1/include/node/openssl/macros.h:182:49: note: expanded from macro 'OSSL_DEPRECATEDIN_3_0'
#   define OSSL_DEPRECATEDIN_3_0                OSSL_DEPRECATED(3.0)
                                                ^
/Users/mac/Library/Caches/node-gyp/18.12.1/include/node/openssl/macros.h:62:52: note: expanded from macro 'OSSL_DEPRECATED'
#     define OSSL_DEPRECATED(since) __attribute__((deprecated))
                                                   ^
../src/ursaNative.cc:690:68: error: too few arguments to function call, single argument 'context' was not specified
  target->Set(NanNew("RsaWrap").ToLocalChecked(), tpl->GetFunction());
                                                  ~~~~~~~~~~~~~~~~ ^
/Users/mac/Library/Caches/node-gyp/18.12.1/include/node/v8-template.h:513:46: note: 'GetFunction' declared here
  V8_WARN_UNUSED_RESULT MaybeLocal<Function> GetFunction(
                                             ^
../src/ursaNative.cc:691:38: error: too few arguments to function call, single argument 'context' was not specified
  constructor.Reset(tpl->GetFunction());
                    ~~~~~~~~~~~~~~~~ ^
/Users/mac/Library/Caches/node-gyp/18.12.1/include/node/v8-template.h:513:46: note: 'GetFunction' declared here
  V8_WARN_UNUSED_RESULT MaybeLocal<Function> GetFunction(
                                             ^
../src/ursaNative.cc:693:104: error: too few arguments to function call, single argument 'context' was not specified
  target->Set(NanNew("textToNid").ToLocalChecked(), Nan::New<FunctionTemplate>(TextToNid)->GetFunction());
                                                    ~~~~~~~~~~~~~~~~~~~~~~~~~~~~~~~~~~~~~~~~~~~~~~~~~~ ^
/Users/mac/Library/Caches/node-gyp/18.12.1/include/node/v8-template.h:513:46: note: 'GetFunction' declared here
  V8_WARN_UNUSED_RESULT MaybeLocal<Function> GetFunction(
                                             ^
../src/ursaNative.cc:713:5: warning: 'RSA_free' is deprecated [-Wdeprecated-declarations]
    RSA_free(rsa);
    ^
/Users/mac/Library/Caches/node-gyp/18.12.1/include/node/openssl/rsa.h:293:1: note: 'RSA_free' has been explicitly marked deprecated here
OSSL_DEPRECATEDIN_3_0 void RSA_free(RSA *r);
^
/Users/mac/Library/Caches/node-gyp/18.12.1/include/node/openssl/macros.h:182:49: note: expanded from macro 'OSSL_DEPRECATEDIN_3_0'
#   define OSSL_DEPRECATEDIN_3_0                OSSL_DEPRECATED(3.0)
                                                ^
/Users/mac/Library/Caches/node-gyp/18.12.1/include/node/openssl/macros.h:62:52: note: expanded from macro 'OSSL_DEPRECATED'
#     define OSSL_DEPRECATED(since) __attribute__((deprecated))
                                                   ^
../src/ursaNative.cc:740:16: warning: 'RSA_new' is deprecated [-Wdeprecated-declarations]
    obj->rsa = RSA_new();
               ^
/Users/mac/Library/Caches/node-gyp/18.12.1/include/node/openssl/rsa.h:201:1: note: 'RSA_new' has been explicitly marked deprecated here
OSSL_DEPRECATEDIN_3_0 RSA *RSA_new(void);
^
/Users/mac/Library/Caches/node-gyp/18.12.1/include/node/openssl/macros.h:182:49: note: expanded from macro 'OSSL_DEPRECATEDIN_3_0'
#   define OSSL_DEPRECATEDIN_3_0                OSSL_DEPRECATED(3.0)
                                                ^
/Users/mac/Library/Caches/node-gyp/18.12.1/include/node/openssl/macros.h:62:52: note: expanded from macro 'OSSL_DEPRECATED'
#     define OSSL_DEPRECATED(since) __attribute__((deprecated))
                                                   ^
../src/ursaNative.cc:748:3: warning: 'RSA_set0_key' is deprecated [-Wdeprecated-declarations]
  RSA_set0_key(obj->rsa, obj->rsa_n, obj->rsa_e, NULL);
  ^
/Users/mac/Library/Caches/node-gyp/18.12.1/include/node/openssl/rsa.h:207:1: note: 'RSA_set0_key' has been explicitly marked deprecated here
OSSL_DEPRECATEDIN_3_0 int RSA_set0_key(RSA *r, BIGNUM *n, BIGNUM *e, BIGNUM *d);
^
/Users/mac/Library/Caches/node-gyp/18.12.1/include/node/openssl/macros.h:182:49: note: expanded from macro 'OSSL_DEPRECATEDIN_3_0'
#   define OSSL_DEPRECATEDIN_3_0                OSSL_DEPRECATED(3.0)
                                                ^
/Users/mac/Library/Caches/node-gyp/18.12.1/include/node/openssl/macros.h:62:52: note: expanded from macro 'OSSL_DEPRECATED'
#     define OSSL_DEPRECATED(since) __attribute__((deprecated))
                                                   ^
../src/ursaNative.cc:766:5: warning: 'RSA_get0_key' is deprecated [-Wdeprecated-declarations]
    RSA_get0_key(obj->rsa, NULL, NULL, (const BIGNUM **)&obj->rsa_d);
    ^
/Users/mac/Library/Caches/node-gyp/18.12.1/include/node/openssl/rsa.h:217:1: note: 'RSA_get0_key' has been explicitly marked deprecated here
OSSL_DEPRECATEDIN_3_0 void RSA_get0_key(const RSA *r,
^
/Users/mac/Library/Caches/node-gyp/18.12.1/include/node/openssl/macros.h:182:49: note: expanded from macro 'OSSL_DEPRECATEDIN_3_0'
#   define OSSL_DEPRECATEDIN_3_0                OSSL_DEPRECATED(3.0)
                                                ^
/Users/mac/Library/Caches/node-gyp/18.12.1/include/node/openssl/macros.h:62:52: note: expanded from macro 'OSSL_DEPRECATED'
#     define OSSL_DEPRECATED(since) __attribute__((deprecated))
                                                   ^
../src/ursaNative.cc:866:42: error: too few arguments to function call, single argument 'context' was not specified
  int modulusBits = args[0]->Uint32Value();
                    ~~~~~~~~~~~~~~~~~~~~ ^
/Users/mac/Library/Caches/node-gyp/18.12.1/include/node/v8-value.h:416:41: note: 'Uint32Value' declared here
  V8_WARN_UNUSED_RESULT Maybe<uint32_t> Uint32Value(
                                        ^
../src/ursaNative.cc:867:39: error: too few arguments to function call, single argument 'context' was not specified
  int exponent = args[1]->Uint32Value();
                 ~~~~~~~~~~~~~~~~~~~~ ^
/Users/mac/Library/Caches/node-gyp/18.12.1/include/node/v8-value.h:416:41: note: 'Uint32Value' declared here
  V8_WARN_UNUSED_RESULT Maybe<uint32_t> Uint32Value(
                                        ^
../src/ursaNative.cc:922:3: warning: 'RSA_get0_key' is deprecated [-Wdeprecated-declarations]
  RSA_get0_key(obj->rsa, NULL, (const BIGNUM **)&obj->rsa_e, NULL);
  ^
/Users/mac/Library/Caches/node-gyp/18.12.1/include/node/openssl/rsa.h:217:1: note: 'RSA_get0_key' has been explicitly marked deprecated here
OSSL_DEPRECATEDIN_3_0 void RSA_get0_key(const RSA *r,
^
/Users/mac/Library/Caches/node-gyp/18.12.1/include/node/openssl/macros.h:182:49: note: expanded from macro 'OSSL_DEPRECATEDIN_3_0'
#   define OSSL_DEPRECATEDIN_3_0                OSSL_DEPRECATED(3.0)
                                                ^
/Users/mac/Library/Caches/node-gyp/18.12.1/include/node/openssl/macros.h:62:52: note: expanded from macro 'OSSL_DEPRECATED'
#     define OSSL_DEPRECATED(since) __attribute__((deprecated))
                                                   ^
../src/ursaNative.cc:943:3: warning: 'RSA_get0_key' is deprecated [-Wdeprecated-declarations]
  RSA_get0_key(obj->rsa, NULL, NULL, (const BIGNUM **)&obj->rsa_d);
  ^
/Users/mac/Library/Caches/node-gyp/18.12.1/include/node/openssl/rsa.h:217:1: note: 'RSA_get0_key' has been explicitly marked deprecated here
OSSL_DEPRECATEDIN_3_0 void RSA_get0_key(const RSA *r,
^
/Users/mac/Library/Caches/node-gyp/18.12.1/include/node/openssl/macros.h:182:49: note: expanded from macro 'OSSL_DEPRECATEDIN_3_0'
#   define OSSL_DEPRECATEDIN_3_0                OSSL_DEPRECATED(3.0)
                                                ^
/Users/mac/Library/Caches/node-gyp/18.12.1/include/node/openssl/macros.h:62:52: note: expanded from macro 'OSSL_DEPRECATED'
#     define OSSL_DEPRECATED(since) __attribute__((deprecated))
                                                   ^
../src/ursaNative.cc:963:3: warning: 'RSA_get0_key' is deprecated [-Wdeprecated-declarations]
  RSA_get0_key(obj->rsa, (const BIGNUM **)&obj->rsa_n, NULL, NULL);
  ^
/Users/mac/Library/Caches/node-gyp/18.12.1/include/node/openssl/rsa.h:217:1: note: 'RSA_get0_key' has been explicitly marked deprecated here
OSSL_DEPRECATEDIN_3_0 void RSA_get0_key(const RSA *r,
^
/Users/mac/Library/Caches/node-gyp/18.12.1/include/node/openssl/macros.h:182:49: note: expanded from macro 'OSSL_DEPRECATEDIN_3_0'
#   define OSSL_DEPRECATEDIN_3_0                OSSL_DEPRECATED(3.0)
                                                ^
/Users/mac/Library/Caches/node-gyp/18.12.1/include/node/openssl/macros.h:62:52: note: expanded from macro 'OSSL_DEPRECATED'
#     define OSSL_DEPRECATED(since) __attribute__((deprecated))
                                                   ^
../src/ursaNative.cc:1012:8: warning: 'PEM_write_bio_RSAPrivateKey' is deprecated [-Wdeprecated-declarations]
  if (!PEM_write_bio_RSAPrivateKey(bio, obj->rsa,
       ^
/Users/mac/Library/Caches/node-gyp/18.12.1/include/node/openssl/pem.h:447:24: note: 'PEM_write_bio_RSAPrivateKey' has been explicitly marked deprecated here
DECLARE_PEM_rw_cb_attr(OSSL_DEPRECATEDIN_3_0, RSAPrivateKey, RSA)
                       ^
/Users/mac/Library/Caches/node-gyp/18.12.1/include/node/openssl/macros.h:182:49: note: expanded from macro 'OSSL_DEPRECATEDIN_3_0'
#   define OSSL_DEPRECATEDIN_3_0                OSSL_DEPRECATED(3.0)
                                                ^
/Users/mac/Library/Caches/node-gyp/18.12.1/include/node/openssl/macros.h:62:52: note: expanded from macro 'OSSL_DEPRECATED'
#     define OSSL_DEPRECATED(since) __attribute__((deprecated))
                                                   ^
../src/ursaNative.cc:1049:8: warning: 'PEM_write_bio_RSA_PUBKEY' is deprecated [-Wdeprecated-declarations]
  if (!PEM_write_bio_RSA_PUBKEY(bio, obj->rsa))
       ^
/Users/mac/Library/Caches/node-gyp/18.12.1/include/node/openssl/pem.h:449:21: note: 'PEM_write_bio_RSA_PUBKEY' has been explicitly marked deprecated here
DECLARE_PEM_rw_attr(OSSL_DEPRECATEDIN_3_0, RSA_PUBKEY, RSA)
                    ^
/Users/mac/Library/Caches/node-gyp/18.12.1/include/node/openssl/macros.h:182:49: note: expanded from macro 'OSSL_DEPRECATEDIN_3_0'
#   define OSSL_DEPRECATEDIN_3_0                OSSL_DEPRECATED(3.0)
                                                ^
/Users/mac/Library/Caches/node-gyp/18.12.1/include/node/openssl/macros.h:62:52: note: expanded from macro 'OSSL_DEPRECATED'
#     define OSSL_DEPRECATED(since) __attribute__((deprecated))
                                                   ^
../src/ursaNative.cc:1095:19: warning: 'RSA_size' is deprecated [-Wdeprecated-declarations]
  int rsaLength = RSA_size(obj->rsa);
                  ^
/Users/mac/Library/Caches/node-gyp/18.12.1/include/node/openssl/rsa.h:204:1: note: 'RSA_size' has been explicitly marked deprecated here
OSSL_DEPRECATEDIN_3_0 int RSA_size(const RSA *rsa);
^
/Users/mac/Library/Caches/node-gyp/18.12.1/include/node/openssl/macros.h:182:49: note: expanded from macro 'OSSL_DEPRECATEDIN_3_0'
#   define OSSL_DEPRECATEDIN_3_0                OSSL_DEPRECATED(3.0)
                                                ^
/Users/mac/Library/Caches/node-gyp/18.12.1/include/node/openssl/macros.h:62:52: note: expanded from macro 'OSSL_DEPRECATED'
#     define OSSL_DEPRECATED(since) __attribute__((deprecated))
                                                   ^
../src/ursaNative.cc:1103:38: error: too few arguments to function call, single argument 'context' was not specified
  int padding = args[1]->Uint32Value();
                ~~~~~~~~~~~~~~~~~~~~ ^
/Users/mac/Library/Caches/node-gyp/18.12.1/include/node/v8-value.h:416:41: note: 'Uint32Value' declared here
  V8_WARN_UNUSED_RESULT Maybe<uint32_t> Uint32Value(
                                        ^
../src/ursaNative.cc:1105:19: warning: 'RSA_private_decrypt' is deprecated [-Wdeprecated-declarations]
  int bufLength = RSA_private_decrypt(length, (unsigned char *)data,
                  ^
/Users/mac/Library/Caches/node-gyp/18.12.1/include/node/openssl/rsa.h:290:1: note: 'RSA_private_decrypt' has been explicitly marked deprecated here
OSSL_DEPRECATEDIN_3_0
^
/Users/mac/Library/Caches/node-gyp/18.12.1/include/node/openssl/macros.h:182:49: note: expanded from macro 'OSSL_DEPRECATEDIN_3_0'
#   define OSSL_DEPRECATEDIN_3_0                OSSL_DEPRECATED(3.0)
                                                ^
/Users/mac/Library/Caches/node-gyp/18.12.1/include/node/openssl/macros.h:62:52: note: expanded from macro 'OSSL_DEPRECATED'
#     define OSSL_DEPRECATED(since) __attribute__((deprecated))
                                                   ^
../src/ursaNative.cc:1153:19: warning: 'RSA_size' is deprecated [-Wdeprecated-declarations]
  int rsaLength = RSA_size(obj->rsa);
                  ^
/Users/mac/Library/Caches/node-gyp/18.12.1/include/node/openssl/rsa.h:204:1: note: 'RSA_size' has been explicitly marked deprecated here
OSSL_DEPRECATEDIN_3_0 int RSA_size(const RSA *rsa);
^
/Users/mac/Library/Caches/node-gyp/18.12.1/include/node/openssl/macros.h:182:49: note: expanded from macro 'OSSL_DEPRECATEDIN_3_0'
#   define OSSL_DEPRECATEDIN_3_0                OSSL_DEPRECATED(3.0)
                                                ^
/Users/mac/Library/Caches/node-gyp/18.12.1/include/node/openssl/macros.h:62:52: note: expanded from macro 'OSSL_DEPRECATED'
#     define OSSL_DEPRECATED(since) __attribute__((deprecated))
                                                   ^
../src/ursaNative.cc:1161:38: error: too few arguments to function call, single argument 'context' was not specified
  int padding = args[1]->Uint32Value();
                ~~~~~~~~~~~~~~~~~~~~ ^
/Users/mac/Library/Caches/node-gyp/18.12.1/include/node/v8-value.h:416:41: note: 'Uint32Value' declared here
  V8_WARN_UNUSED_RESULT Maybe<uint32_t> Uint32Value(
                                        ^
../src/ursaNative.cc:1163:13: warning: 'RSA_private_encrypt' is deprecated [-Wdeprecated-declarations]
  int ret = RSA_private_encrypt(length, (unsigned char *)data,
            ^
/Users/mac/Library/Caches/node-gyp/18.12.1/include/node/openssl/rsa.h:284:1: note: 'RSA_private_encrypt' has been explicitly marked deprecated here
OSSL_DEPRECATEDIN_3_0
^
/Users/mac/Library/Caches/node-gyp/18.12.1/include/node/openssl/macros.h:182:49: note: expanded from macro 'OSSL_DEPRECATEDIN_3_0'
#   define OSSL_DEPRECATEDIN_3_0                OSSL_DEPRECATED(3.0)
                                                ^
/Users/mac/Library/Caches/node-gyp/18.12.1/include/node/openssl/macros.h:62:52: note: expanded from macro 'OSSL_DEPRECATED'
#     define OSSL_DEPRECATED(since) __attribute__((deprecated))
                                                   ^
../src/ursaNative.cc:1210:19: warning: 'RSA_size' is deprecated [-Wdeprecated-declarations]
  int rsaLength = RSA_size(obj->rsa);
                  ^
/Users/mac/Library/Caches/node-gyp/18.12.1/include/node/openssl/rsa.h:204:1: note: 'RSA_size' has been explicitly marked deprecated here
OSSL_DEPRECATEDIN_3_0 int RSA_size(const RSA *rsa);
^
/Users/mac/Library/Caches/node-gyp/18.12.1/include/node/openssl/macros.h:182:49: note: expanded from macro 'OSSL_DEPRECATEDIN_3_0'
#   define OSSL_DEPRECATEDIN_3_0                OSSL_DEPRECATED(3.0)
                                                ^
/Users/mac/Library/Caches/node-gyp/18.12.1/include/node/openssl/macros.h:62:52: note: expanded from macro 'OSSL_DEPRECATED'
#     define OSSL_DEPRECATED(since) __attribute__((deprecated))
                                                   ^
../src/ursaNative.cc:1218:38: error: too few arguments to function call, single argument 'context' was not specified
  int padding = args[1]->Uint32Value();
                ~~~~~~~~~~~~~~~~~~~~ ^
/Users/mac/Library/Caches/node-gyp/18.12.1/include/node/v8-value.h:416:41: note: 'Uint32Value' declared here
  V8_WARN_UNUSED_RESULT Maybe<uint32_t> Uint32Value(
                                        ^
../src/ursaNative.cc:1220:19: warning: 'RSA_public_decrypt' is deprecated [-Wdeprecated-declarations]
  int bufLength = RSA_public_decrypt(length, (unsigned char *)data,
                  ^
/Users/mac/Library/Caches/node-gyp/18.12.1/include/node/openssl/rsa.h:287:1: note: 'RSA_public_decrypt' has been explicitly marked deprecated here
OSSL_DEPRECATEDIN_3_0
^
/Users/mac/Library/Caches/node-gyp/18.12.1/include/node/openssl/macros.h:182:49: note: expanded from macro 'OSSL_DEPRECATEDIN_3_0'
#   define OSSL_DEPRECATEDIN_3_0                OSSL_DEPRECATED(3.0)
                                                ^
/Users/mac/Library/Caches/node-gyp/18.12.1/include/node/openssl/macros.h:62:52: note: expanded from macro 'OSSL_DEPRECATED'
#     define OSSL_DEPRECATED(since) __attribute__((deprecated))
                                                   ^
../src/ursaNative.cc:1264:19: warning: 'RSA_size' is deprecated [-Wdeprecated-declarations]
  int rsaLength = RSA_size(obj->rsa);
                  ^
/Users/mac/Library/Caches/node-gyp/18.12.1/include/node/openssl/rsa.h:204:1: note: 'RSA_size' has been explicitly marked deprecated here
OSSL_DEPRECATEDIN_3_0 int RSA_size(const RSA *rsa);
^
/Users/mac/Library/Caches/node-gyp/18.12.1/include/node/openssl/macros.h:182:49: note: expanded from macro 'OSSL_DEPRECATEDIN_3_0'
#   define OSSL_DEPRECATEDIN_3_0                OSSL_DEPRECATED(3.0)
                                                ^
/Users/mac/Library/Caches/node-gyp/18.12.1/include/node/openssl/macros.h:62:52: note: expanded from macro 'OSSL_DEPRECATED'
#     define OSSL_DEPRECATED(since) __attribute__((deprecated))
                                                   ^
../src/ursaNative.cc:1272:38: error: too few arguments to function call, single argument 'context' was not specified
  int padding = args[1]->Uint32Value();
                ~~~~~~~~~~~~~~~~~~~~ ^
/Users/mac/Library/Caches/node-gyp/18.12.1/include/node/v8-value.h:416:41: note: 'Uint32Value' declared here
  V8_WARN_UNUSED_RESULT Maybe<uint32_t> Uint32Value(
                                        ^
../src/ursaNative.cc:1274:13: warning: 'RSA_public_encrypt' is deprecated [-Wdeprecated-declarations]
  int ret = RSA_public_encrypt(length, (unsigned char *)data,
            ^
/Users/mac/Library/Caches/node-gyp/18.12.1/include/node/openssl/rsa.h:281:1: note: 'RSA_public_encrypt' has been explicitly marked deprecated here
OSSL_DEPRECATEDIN_3_0
^
/Users/mac/Library/Caches/node-gyp/18.12.1/include/node/openssl/macros.h:182:49: note: expanded from macro 'OSSL_DEPRECATEDIN_3_0'
#   define OSSL_DEPRECATEDIN_3_0                OSSL_DEPRECATED(3.0)
                                                ^
/Users/mac/Library/Caches/node-gyp/18.12.1/include/node/openssl/macros.h:62:52: note: expanded from macro 'OSSL_DEPRECATED'
#     define OSSL_DEPRECATED(since) __attribute__((deprecated))
                                                   ^
../src/ursaNative.cc:1328:16: warning: 'PEM_read_bio_RSAPrivateKey' is deprecated [-Wdeprecated-declarations]
    obj->rsa = PEM_read_bio_RSAPrivateKey(bio, NULL, 0, password);
               ^
/Users/mac/Library/Caches/node-gyp/18.12.1/include/node/openssl/pem.h:447:24: note: 'PEM_read_bio_RSAPrivateKey' has been explicitly marked deprecated here
DECLARE_PEM_rw_cb_attr(OSSL_DEPRECATEDIN_3_0, RSAPrivateKey, RSA)
                       ^
/Users/mac/Library/Caches/node-gyp/18.12.1/include/node/openssl/macros.h:182:49: note: expanded from macro 'OSSL_DEPRECATEDIN_3_0'
#   define OSSL_DEPRECATEDIN_3_0                OSSL_DEPRECATED(3.0)
                                                ^
/Users/mac/Library/Caches/node-gyp/18.12.1/include/node/openssl/macros.h:62:52: note: expanded from macro 'OSSL_DEPRECATED'
#     define OSSL_DEPRECATED(since) __attribute__((deprecated))
                                                   ^
../src/ursaNative.cc:1374:14: warning: 'PEM_read_bio_RSA_PUBKEY' is deprecated [-Wdeprecated-declarations]
  obj->rsa = PEM_read_bio_RSA_PUBKEY(bio, NULL, NULL, NULL);
             ^
/Users/mac/Library/Caches/node-gyp/18.12.1/include/node/openssl/pem.h:449:21: note: 'PEM_read_bio_RSA_PUBKEY' has been explicitly marked deprecated here
DECLARE_PEM_rw_attr(OSSL_DEPRECATEDIN_3_0, RSA_PUBKEY, RSA)
                    ^
/Users/mac/Library/Caches/node-gyp/18.12.1/include/node/openssl/macros.h:182:49: note: expanded from macro 'OSSL_DEPRECATEDIN_3_0'
#   define OSSL_DEPRECATEDIN_3_0                OSSL_DEPRECATED(3.0)
                                                ^
/Users/mac/Library/Caches/node-gyp/18.12.1/include/node/openssl/macros.h:62:52: note: expanded from macro 'OSSL_DEPRECATED'
#     define OSSL_DEPRECATED(since) __attribute__((deprecated))
                                                   ^
../src/ursaNative.cc:1411:34: error: too few arguments to function call, single argument 'context' was not specified
  int nid = args[0]->Uint32Value();
            ~~~~~~~~~~~~~~~~~~~~ ^
/Users/mac/Library/Caches/node-gyp/18.12.1/include/node/v8-value.h:416:41: note: 'Uint32Value' declared here
  V8_WARN_UNUSED_RESULT Maybe<uint32_t> Uint32Value(
                                        ^
../src/ursaNative.cc:1426:40: warning: 'RSA_size' is deprecated [-Wdeprecated-declarations]
  unsigned int rsaSize = (unsigned int)RSA_size(obj->rsa);
                                       ^
/Users/mac/Library/Caches/node-gyp/18.12.1/include/node/openssl/rsa.h:204:1: note: 'RSA_size' has been explicitly marked deprecated here
OSSL_DEPRECATEDIN_3_0 int RSA_size(const RSA *rsa);
^
/Users/mac/Library/Caches/node-gyp/18.12.1/include/node/openssl/macros.h:182:49: note: expanded from macro 'OSSL_DEPRECATEDIN_3_0'
#   define OSSL_DEPRECATEDIN_3_0                OSSL_DEPRECATED(3.0)
                                                ^
/Users/mac/Library/Caches/node-gyp/18.12.1/include/node/openssl/macros.h:62:52: note: expanded from macro 'OSSL_DEPRECATED'
#     define OSSL_DEPRECATED(since) __attribute__((deprecated))
                                                   ^
../src/ursaNative.cc:1430:13: warning: 'RSA_sign' is deprecated [-Wdeprecated-declarations]
  int ret = RSA_sign(nid, (unsigned char *)data, dataLength,
            ^
/Users/mac/Library/Caches/node-gyp/18.12.1/include/node/openssl/rsa.h:348:1: note: 'RSA_sign' has been explicitly marked deprecated here
OSSL_DEPRECATEDIN_3_0 int RSA_sign(int type, const unsigned char *m,
^
/Users/mac/Library/Caches/node-gyp/18.12.1/include/node/openssl/macros.h:182:49: note: expanded from macro 'OSSL_DEPRECATEDIN_3_0'
#   define OSSL_DEPRECATEDIN_3_0                OSSL_DEPRECATED(3.0)
                                                ^
/Users/mac/Library/Caches/node-gyp/18.12.1/include/node/openssl/macros.h:62:52: note: expanded from macro 'OSSL_DEPRECATED'
#     define OSSL_DEPRECATED(since) __attribute__((deprecated))
                                                   ^
../src/ursaNative.cc:1477:34: error: too few arguments to function call, single argument 'context' was not specified
  int nid = args[0]->Uint32Value();
            ~~~~~~~~~~~~~~~~~~~~ ^
/Users/mac/Library/Caches/node-gyp/18.12.1/include/node/v8-value.h:416:41: note: 'Uint32Value' declared here
  V8_WARN_UNUSED_RESULT Maybe<uint32_t> Uint32Value(
                                        ^
../src/ursaNative.cc:1505:13: warning: 'RSA_verify' is deprecated [-Wdeprecated-declarations]
  int ret = RSA_verify(nid, (unsigned char *)data, dataLength,
            ^
/Users/mac/Library/Caches/node-gyp/18.12.1/include/node/openssl/rsa.h:351:1: note: 'RSA_verify' has been explicitly marked deprecated here
OSSL_DEPRECATEDIN_3_0 int RSA_verify(int type, const unsigned char *m,
^
/Users/mac/Library/Caches/node-gyp/18.12.1/include/node/openssl/macros.h:182:49: note: expanded from macro 'OSSL_DEPRECATEDIN_3_0'
#   define OSSL_DEPRECATEDIN_3_0                OSSL_DEPRECATED(3.0)
                                                ^
/Users/mac/Library/Caches/node-gyp/18.12.1/include/node/openssl/macros.h:62:52: note: expanded from macro 'OSSL_DEPRECATED'
#     define OSSL_DEPRECATED(since) __attribute__((deprecated))
                                                   ^
../src/ursaNative.cc:1554:34: error: too few arguments to function call, single argument 'context' was not specified
  int nid = args[0]->Uint32Value();
            ~~~~~~~~~~~~~~~~~~~~ ^
/Users/mac/Library/Caches/node-gyp/18.12.1/include/node/v8-value.h:416:41: note: 'Uint32Value' declared here
  V8_WARN_UNUSED_RESULT Maybe<uint32_t> Uint32Value(
                                        ^
../src/ursaNative.cc:1584:35: error: too few arguments to function call, single argument 'context' was not specified
  int sLen = args[2]->Uint32Value();
             ~~~~~~~~~~~~~~~~~~~~ ^
/Users/mac/Library/Caches/node-gyp/18.12.1/include/node/v8-value.h:416:41: note: 'Uint32Value' declared here
  V8_WARN_UNUSED_RESULT Maybe<uint32_t> Uint32Value(
                                        ^
../src/ursaNative.cc:1586:41: warning: 'RSA_size' is deprecated [-Wdeprecated-declarations]
  unsigned int emLength = (unsigned int)RSA_size(obj->rsa);
                                        ^
/Users/mac/Library/Caches/node-gyp/18.12.1/include/node/openssl/rsa.h:204:1: note: 'RSA_size' has been explicitly marked deprecated here
OSSL_DEPRECATEDIN_3_0 int RSA_size(const RSA *rsa);
^
/Users/mac/Library/Caches/node-gyp/18.12.1/include/node/openssl/macros.h:182:49: note: expanded from macro 'OSSL_DEPRECATEDIN_3_0'
#   define OSSL_DEPRECATEDIN_3_0                OSSL_DEPRECATED(3.0)
                                                ^
/Users/mac/Library/Caches/node-gyp/18.12.1/include/node/openssl/macros.h:62:52: note: expanded from macro 'OSSL_DEPRECATED'
#     define OSSL_DEPRECATED(since) __attribute__((deprecated))
                                                   ^
../src/ursaNative.cc:1589:13: warning: 'RSA_padding_add_PKCS1_PSS' is deprecated [-Wdeprecated-declarations]
  int ret = RSA_padding_add_PKCS1_PSS(obj->rsa,
            ^
/Users/mac/Library/Caches/node-gyp/18.12.1/include/node/openssl/rsa.h:427:1: note: 'RSA_padding_add_PKCS1_PSS' has been explicitly marked deprecated here
OSSL_DEPRECATEDIN_3_0
^
/Users/mac/Library/Caches/node-gyp/18.12.1/include/node/openssl/macros.h:182:49: note: expanded from macro 'OSSL_DEPRECATEDIN_3_0'
#   define OSSL_DEPRECATEDIN_3_0                OSSL_DEPRECATED(3.0)
                                                ^
/Users/mac/Library/Caches/node-gyp/18.12.1/include/node/openssl/macros.h:62:52: note: expanded from macro 'OSSL_DEPRECATED'
#     define OSSL_DEPRECATED(since) __attribute__((deprecated))
                                                   ^
../src/ursaNative.cc:1627:34: error: too few arguments to function call, single argument 'context' was not specified
  int nid = args[0]->Uint32Value();
            ~~~~~~~~~~~~~~~~~~~~ ^
/Users/mac/Library/Caches/node-gyp/18.12.1/include/node/v8-value.h:416:41: note: 'Uint32Value' declared here
  V8_WARN_UNUSED_RESULT Maybe<uint32_t> Uint32Value(
                                        ^
../src/ursaNative.cc:1658:49: warning: 'RSA_size' is deprecated [-Wdeprecated-declarations]
  if (node::Buffer::Length(emBuffer) != (size_t)RSA_size(obj->rsa))
                                                ^
/Users/mac/Library/Caches/node-gyp/18.12.1/include/node/openssl/rsa.h:204:1: note: 'RSA_size' has been explicitly marked deprecated here
OSSL_DEPRECATEDIN_3_0 int RSA_size(const RSA *rsa);
^
/Users/mac/Library/Caches/node-gyp/18.12.1/include/node/openssl/macros.h:182:49: note: expanded from macro 'OSSL_DEPRECATEDIN_3_0'
#   define OSSL_DEPRECATEDIN_3_0                OSSL_DEPRECATED(3.0)
                                                ^
/Users/mac/Library/Caches/node-gyp/18.12.1/include/node/openssl/macros.h:62:52: note: expanded from macro 'OSSL_DEPRECATED'
#     define OSSL_DEPRECATED(since) __attribute__((deprecated))
                                                   ^
../src/ursaNative.cc:1674:35: error: too few arguments to function call, single argument 'context' was not specified
  int sLen = args[3]->Uint32Value();
             ~~~~~~~~~~~~~~~~~~~~ ^
/Users/mac/Library/Caches/node-gyp/18.12.1/include/node/v8-value.h:416:41: note: 'Uint32Value' declared here
  V8_WARN_UNUSED_RESULT Maybe<uint32_t> Uint32Value(
                                        ^
../src/ursaNative.cc:1676:13: warning: 'RSA_verify_PKCS1_PSS' is deprecated [-Wdeprecated-declarations]
  int ret = RSA_verify_PKCS1_PSS(obj->rsa,
            ^
/Users/mac/Library/Caches/node-gyp/18.12.1/include/node/openssl/rsa.h:423:1: note: 'RSA_verify_PKCS1_PSS' has been explicitly marked deprecated here
OSSL_DEPRECATEDIN_3_0
^
/Users/mac/Library/Caches/node-gyp/18.12.1/include/node/openssl/macros.h:182:49: note: expanded from macro 'OSSL_DEPRECATEDIN_3_0'
#   define OSSL_DEPRECATEDIN_3_0                OSSL_DEPRECATED(3.0)
                                                ^
/Users/mac/Library/Caches/node-gyp/18.12.1/include/node/openssl/macros.h:62:52: note: expanded from macro 'OSSL_DEPRECATED'
#     define OSSL_DEPRECATED(since) __attribute__((deprecated))
                                                   ^
../src/ursaNative.cc:1714:14: warning: 'RSA_new' is deprecated [-Wdeprecated-declarations]
  obj->rsa = RSA_new();
             ^
/Users/mac/Library/Caches/node-gyp/18.12.1/include/node/openssl/rsa.h:201:1: note: 'RSA_new' has been explicitly marked deprecated here
OSSL_DEPRECATEDIN_3_0 RSA *RSA_new(void);
^
/Users/mac/Library/Caches/node-gyp/18.12.1/include/node/openssl/macros.h:182:49: note: expanded from macro 'OSSL_DEPRECATEDIN_3_0'
#   define OSSL_DEPRECATEDIN_3_0                OSSL_DEPRECATED(3.0)
                                                ^
/Users/mac/Library/Caches/node-gyp/18.12.1/include/node/openssl/macros.h:62:52: note: expanded from macro 'OSSL_DEPRECATED'
#     define OSSL_DEPRECATED(since) __attribute__((deprecated))
                                                   ^
../src/ursaNative.cc:1771:5: warning: 'RSA_set0_key' is deprecated [-Wdeprecated-declarations]
    RSA_set0_key(obj->rsa, modulus, exponent, d);
    ^
/Users/mac/Library/Caches/node-gyp/18.12.1/include/node/openssl/rsa.h:207:1: note: 'RSA_set0_key' has been explicitly marked deprecated here
OSSL_DEPRECATEDIN_3_0 int RSA_set0_key(RSA *r, BIGNUM *n, BIGNUM *e, BIGNUM *d);
^
/Users/mac/Library/Caches/node-gyp/18.12.1/include/node/openssl/macros.h:182:49: note: expanded from macro 'OSSL_DEPRECATEDIN_3_0'
#   define OSSL_DEPRECATEDIN_3_0                OSSL_DEPRECATED(3.0)
                                                ^
/Users/mac/Library/Caches/node-gyp/18.12.1/include/node/openssl/macros.h:62:52: note: expanded from macro 'OSSL_DEPRECATED'
#     define OSSL_DEPRECATED(since) __attribute__((deprecated))
                                                   ^
../src/ursaNative.cc:1772:5: warning: 'RSA_set0_factors' is deprecated [-Wdeprecated-declarations]
    RSA_set0_factors(obj->rsa, p, q);
    ^
/Users/mac/Library/Caches/node-gyp/18.12.1/include/node/openssl/rsa.h:208:1: note: 'RSA_set0_factors' has been explicitly marked deprecated here
OSSL_DEPRECATEDIN_3_0 int RSA_set0_factors(RSA *r, BIGNUM *p, BIGNUM *q);
^
/Users/mac/Library/Caches/node-gyp/18.12.1/include/node/openssl/macros.h:182:49: note: expanded from macro 'OSSL_DEPRECATEDIN_3_0'
#   define OSSL_DEPRECATEDIN_3_0                OSSL_DEPRECATED(3.0)
                                                ^
/Users/mac/Library/Caches/node-gyp/18.12.1/include/node/openssl/macros.h:62:52: note: expanded from macro 'OSSL_DEPRECATED'
#     define OSSL_DEPRECATED(since) __attribute__((deprecated))
                                                   ^
../src/ursaNative.cc:1773:5: warning: 'RSA_set0_crt_params' is deprecated [-Wdeprecated-declarations]
    RSA_set0_crt_params(obj->rsa, dp, dq, inverseQ);
    ^
/Users/mac/Library/Caches/node-gyp/18.12.1/include/node/openssl/rsa.h:209:1: note: 'RSA_set0_crt_params' has been explicitly marked deprecated here
OSSL_DEPRECATEDIN_3_0 int RSA_set0_crt_params(RSA *r,
^
/Users/mac/Library/Caches/node-gyp/18.12.1/include/node/openssl/macros.h:182:49: note: expanded from macro 'OSSL_DEPRECATEDIN_3_0'
#   define OSSL_DEPRECATEDIN_3_0                OSSL_DEPRECATED(3.0)
                                                ^
/Users/mac/Library/Caches/node-gyp/18.12.1/include/node/openssl/macros.h:62:52: note: expanded from macro 'OSSL_DEPRECATED'
#     define OSSL_DEPRECATED(since) __attribute__((deprecated))
                                                   ^
../src/ursaNative.cc:1829:14: warning: 'RSA_new' is deprecated [-Wdeprecated-declarations]
  obj->rsa = RSA_new();
             ^
/Users/mac/Library/Caches/node-gyp/18.12.1/include/node/openssl/rsa.h:201:1: note: 'RSA_new' has been explicitly marked deprecated here
OSSL_DEPRECATEDIN_3_0 RSA *RSA_new(void);
^
/Users/mac/Library/Caches/node-gyp/18.12.1/include/node/openssl/macros.h:182:49: note: expanded from macro 'OSSL_DEPRECATEDIN_3_0'
#   define OSSL_DEPRECATEDIN_3_0                OSSL_DEPRECATED(3.0)
                                                ^
/Users/mac/Library/Caches/node-gyp/18.12.1/include/node/openssl/macros.h:62:52: note: expanded from macro 'OSSL_DEPRECATED'
#     define OSSL_DEPRECATED(since) __attribute__((deprecated))
                                                   ^
../src/ursaNative.cc:1850:5: warning: 'RSA_set0_key' is deprecated [-Wdeprecated-declarations]
    RSA_set0_key(obj->rsa, modulus, exponent, NULL);
    ^
/Users/mac/Library/Caches/node-gyp/18.12.1/include/node/openssl/rsa.h:207:1: note: 'RSA_set0_key' has been explicitly marked deprecated here
OSSL_DEPRECATEDIN_3_0 int RSA_set0_key(RSA *r, BIGNUM *n, BIGNUM *e, BIGNUM *d);
^
/Users/mac/Library/Caches/node-gyp/18.12.1/include/node/openssl/macros.h:182:49: note: expanded from macro 'OSSL_DEPRECATEDIN_3_0'
#   define OSSL_DEPRECATEDIN_3_0                OSSL_DEPRECATED(3.0)
                                                ^
/Users/mac/Library/Caches/node-gyp/18.12.1/include/node/openssl/macros.h:62:52: note: expanded from macro 'OSSL_DEPRECATED'
#     define OSSL_DEPRECATED(since) __attribute__((deprecated))
                                                   ^
35 warnings and 17 errors generated.
make: *** [Release/obj.target/ursaNative/src/ursaNative.o] Error 1
gyp ERR! build error 
gyp ERR! stack Error: `make` failed with exit code: 2
gyp ERR! stack     at ChildProcess.onExit (/usr/local/lib/node_modules/npm/node_modules/node-gyp/lib/build.js:201:23)
gyp ERR! stack     at ChildProcess.emit (node:events:513:28)
gyp ERR! stack     at ChildProcess._handle.onexit (node:internal/child_process:291:12)
gyp ERR! System Darwin 20.6.0
gyp ERR! command "/usr/local/bin/node" "/usr/local/lib/node_modules/npm/node_modules/node-gyp/bin/node-gyp.js" "rebuild"
gyp ERR! cwd /Users/mac/Desktop/JNFT/node_modules/ursa-optional
gyp ERR! node -v v18.12.1
gyp ERR! node-gyp -v v9.1.0
gyp ERR! not ok 
